<?xml version="1.0" encoding="UTF-8"?>
<!-- Generated by org.testng.reporters.JUnitXMLReporter -->
<testsuite ignored="0" hostname="QSP" failures="0" tests="4" name="Test" time="0.157" errors="0" timestamp="2021-04-19T18:54:11 IST">
  <testcase classname="scripts.Test3" name="demo" time="0.02"/>
  <testcase classname="scripts.Test2" name="demo" time="0.004"/>
  <testcase classname="scripts.Test1" name="demo" time="0.004"/>
  <testcase classname="scripts.Test0" name="demo" time="0.004"/>
</testsuite> <!-- Test -->
