<?xml version="1.0" encoding="UTF-8"?>
<testng-results ignored="0" total="4" passed="4" failed="0" skipped="0">
  <reporter-output>
    <line>
      <![CDATA[hello api]]>
    </line>
    <line>
      <![CDATA[hello python]]>
    </line>
    <line>
      <![CDATA[hello selenium]]>
    </line>
    <line>
      <![CDATA[hello java]]>
    </line>
  </reporter-output>
  <suite started-at="2021-04-19T18:54:11 IST" name="Suite" finished-at="2021-04-19T18:54:11 IST" duration-ms="157">
    <groups>
    </groups>
    <test started-at="2021-04-19T18:54:11 IST" name="Test" finished-at="2021-04-19T18:54:11 IST" duration-ms="157">
      <class name="scripts.Test1">
        <test-method signature="demo()[pri:0, instance:scripts.Test1@40cb8df7]" started-at="2021-04-19T18:54:11 IST" name="demo" finished-at="2021-04-19T18:54:11 IST" duration-ms="4" status="PASS">
          <reporter-output>
            <line>
              <![CDATA[hello selenium]]>
            </line>
          </reporter-output>
        </test-method> <!-- demo -->
      </class> <!-- scripts.Test1 -->
      <class name="scripts.Test0">
        <test-method signature="demo()[pri:0, instance:scripts.Test0@13b13b5d]" started-at="2021-04-19T18:54:11 IST" name="demo" finished-at="2021-04-19T18:54:11 IST" duration-ms="4" status="PASS">
          <reporter-output>
            <line>
              <![CDATA[hello java]]>
            </line>
          </reporter-output>
        </test-method> <!-- demo -->
      </class> <!-- scripts.Test0 -->
      <class name="scripts.Test3">
        <test-method signature="demo()[pri:0, instance:scripts.Test3@3541cb24]" started-at="2021-04-19T18:54:11 IST" name="demo" finished-at="2021-04-19T18:54:11 IST" duration-ms="20" status="PASS">
          <reporter-output>
            <line>
              <![CDATA[hello api]]>
            </line>
          </reporter-output>
        </test-method> <!-- demo -->
      </class> <!-- scripts.Test3 -->
      <class name="scripts.Test2">
        <test-method signature="demo()[pri:0, instance:scripts.Test2@2177849e]" started-at="2021-04-19T18:54:11 IST" name="demo" finished-at="2021-04-19T18:54:11 IST" duration-ms="4" status="PASS">
          <reporter-output>
            <line>
              <![CDATA[hello python]]>
            </line>
          </reporter-output>
        </test-method> <!-- demo -->
      </class> <!-- scripts.Test2 -->
    </test> <!-- Test -->
  </suite> <!-- Suite -->
</testng-results>
