<?xml version="1.0" encoding="UTF-8"?>
<testng-results ignored="0" total="2" passed="2" failed="0" skipped="0">
  <reporter-output>
    <line>
      <![CDATA[Hello java]]>
    </line>
    <line>
      <![CDATA[Hello Selenium]]>
    </line>
  </reporter-output>
  <suite started-at="2021-04-29T07:50:59 IST" name="Suite" finished-at="2021-04-29T07:51:00 IST" duration-ms="231">
    <groups>
    </groups>
    <test started-at="2021-04-29T07:50:59 IST" name="Test" finished-at="2021-04-29T07:51:00 IST" duration-ms="231">
      <class name="scripts.Test1">
        <test-method signature="demo()[pri:0, instance:scripts.Test1@52102734]" started-at="2021-04-29T07:50:59 IST" name="demo" finished-at="2021-04-29T07:51:00 IST" duration-ms="9" status="PASS">
          <reporter-output>
            <line>
              <![CDATA[Hello Selenium]]>
            </line>
          </reporter-output>
        </test-method> <!-- demo -->
      </class> <!-- scripts.Test1 -->
      <class name="scripts.Test2">
        <test-method signature="demo()[pri:0, instance:scripts.Test2@e1de817]" started-at="2021-04-29T07:50:59 IST" name="demo" finished-at="2021-04-29T07:50:59 IST" duration-ms="26" status="PASS">
          <reporter-output>
            <line>
              <![CDATA[Hello java]]>
            </line>
          </reporter-output>
        </test-method> <!-- demo -->
      </class> <!-- scripts.Test2 -->
    </test> <!-- Test -->
  </suite> <!-- Suite -->
</testng-results>
